<?xml version="1.0" encoding="UTF-8"?>
<!-- Generated by org.testng.reporters.JUnitXMLReporter -->
<testsuite hostname="kongxufeng-pc" ignored="0" name="热爱工作" tests="1" failures="1" timestamp="02 九月 2020 02:01:06 GMT" time="62.21" errors="0">
  <testcase name="plus" time="26.576" classname="utils.AppDemo">
    <failure type="java.lang.NullPointerException">
      <![CDATA[java.lang.NullPointerException
at utils.AppDemo.plus(AppDemo.java:62)
... Removed 29 stack frames]]>
    </failure>
  </testcase> <!-- plus -->
</testsuite> <!-- 热爱工作 -->
